[    0.000000] Initializing cgroup subsys cpuset
[    0.000000] Initializing cgroup subsys cpu
[    0.000000] Initializing cgroup subsys cpuacct
[    0.000000] Linux version 4.4.0-157-generic (buildd@lgw01-amd64-037) (gcc version 5.4.0 20160609 (Ubuntu 5.4.0-6ubuntu1~16.04.10) ) #185-Ubuntu SMP Tue Jul 23 09:17:01 UTC 2019 (Ubuntu 4.4.0-157.185-generic 4.4.181)
[    0.000000] Command line: BOOT_IMAGE=/boot/vmlinuz-4.4.0-157-generic root=LABEL=cloudimg-rootfs ro console=tty1 console=ttyS0
[    0.000000] KERNEL supported cpus:
[    0.000000]   Intel GenuineIntel
[    0.000000]   AMD AuthenticAMD
[    0.000000]   Centaur CentaurHauls
[    0.000000] x86/fpu: xstate_offset[2]:  576, xstate_sizes[2]:  256
[    0.000000] x86/fpu: Supporting XSAVE feature 0x01: 'x87 floating point registers'
[    0.000000] x86/fpu: Supporting XSAVE feature 0x02: 'SSE registers'
[    0.000000] x86/fpu: Supporting XSAVE feature 0x04: 'AVX registers'
[    0.000000] x86/fpu: Enabled xstate features 0x7, context size is 832 bytes, using 'standard' format.
[    0.000000] e820: BIOS-provided physical RAM map:
[    0.000000] BIOS-e820: [mem 0x0000000000000000-0x000000000009fbff] usable
[    0.000000] BIOS-e820: [mem 0x000000000009fc00-0x000000000009ffff] reserved
[    0.000000] BIOS-e820: [mem 0x00000000000f0000-0x00000000000fffff] reserved
[    0.000000] BIOS-e820: [mem 0x0000000000100000-0x000000003ffeffff] usable
[    0.000000] BIOS-e820: [mem 0x000000003fff0000-0x000000003fffffff] ACPI data
[    0.000000] BIOS-e820: [mem 0x00000000fec00000-0x00000000fec00fff] reserved
[    0.000000] BIOS-e820: [mem 0x00000000fee00000-0x00000000fee00fff] reserved
[    0.000000] BIOS-e820: [mem 0x00000000fffc0000-0x00000000ffffffff] reserved
[    0.000000] NX (Execute Disable) protection: active
[    0.000000] SMBIOS 2.5 present.
[    0.000000] Hypervisor detected: KVM
[    0.000000] e820: last_pfn = 0x3fff0 max_arch_pfn = 0x400000000
[    0.000000] MTRR: Disabled
[    0.000000] x86/PAT: MTRRs disabled, skipping PAT initialization too.
[    0.000000] CPU MTRRs all blank - virtualized system.
[    0.000000] x86/PAT: Configuration [0-7]: WB  WT  UC- UC  WB  WT  UC- UC  
[    0.000000] found SMP MP-table at [mem 0x0009fff0-0x0009ffff] mapped at [ffff88000009fff0]
[    0.000000] Scanning 1 areas for low memory corruption
[    0.000000] RAMDISK: [mem 0x362fc000-0x37175fff]
[    0.000000] ACPI: Early table checksum verification disabled
[    0.000000] ACPI: RSDP 0x00000000000E0000 000024 (v02 VBOX  )
[    0.000000] ACPI: XSDT 0x000000003FFF0030 00003C (v01 VBOX   VBOXXSDT 00000001 ASL  00000061)
[    0.000000] ACPI: FACP 0x000000003FFF00F0 0000F4 (v04 VBOX   VBOXFACP 00000001 ASL  00000061)
[    0.000000] ACPI: DSDT 0x000000003FFF0470 0022EA (v02 VBOX   VBOXBIOS 00000002 INTL 20100528)
[    0.000000] ACPI: FACS 0x000000003FFF0200 000040
[    0.000000] ACPI: FACS 0x000000003FFF0200 000040
[    0.000000] ACPI: APIC 0x000000003FFF0240 00005C (v02 VBOX   VBOXAPIC 00000001 ASL  00000061)
[    0.000000] ACPI: SSDT 0x000000003FFF02A0 0001CC (v01 VBOX   VBOXCPUT 00000002 INTL 20100528)
[    0.000000] No NUMA configuration found
[    0.000000] Faking a node at [mem 0x0000000000000000-0x000000003ffeffff]
[    0.000000] NODE_DATA(0) allocated [mem 0x3ffeb000-0x3ffeffff]
[    0.000000] kvm-clock: Using msrs 4b564d01 and 4b564d00
[    0.000000] kvm-clock: cpu 0, msr 0:3ffe3001, primary cpu clock
[    0.000000] kvm-clock: using sched offset of 4341021770 cycles
[    0.000000] clocksource: kvm-clock: mask: 0xffffffffffffffff max_cycles: 0x1cd42e4dffb, max_idle_ns: 881590591483 ns
[    0.000000] Zone ranges:
[    0.000000]   DMA      [mem 0x0000000000001000-0x0000000000ffffff]
[    0.000000]   DMA32    [mem 0x0000000001000000-0x000000003ffeffff]
[    0.000000]   Normal   empty
[    0.000000]   Device   empty
[    0.000000] Movable zone start for each node
[    0.000000] Early memory node ranges
[    0.000000]   node   0: [mem 0x0000000000001000-0x000000000009efff]
[    0.000000]   node   0: [mem 0x0000000000100000-0x000000003ffeffff]
[    0.000000] Initmem setup node 0 [mem 0x0000000000001000-0x000000003ffeffff]
[    0.000000] ACPI: PM-Timer IO Port: 0x4008
[    0.000000] IOAPIC[0]: apic_id 2, version 32, address 0xfec00000, GSI 0-23
[    0.000000] ACPI: INT_SRC_OVR (bus 0 bus_irq 0 global_irq 2 dfl dfl)
[    0.000000] ACPI: INT_SRC_OVR (bus 0 bus_irq 9 global_irq 9 low level)
[    0.000000] Using ACPI (MADT) for SMP configuration information
[    0.000000] smpboot: Allowing 2 CPUs, 0 hotplug CPUs
[    0.000000] PM: Registered nosave memory: [mem 0x00000000-0x00000fff]
[    0.000000] PM: Registered nosave memory: [mem 0x0009f000-0x0009ffff]
[    0.000000] PM: Registered nosave memory: [mem 0x000a0000-0x000effff]
[    0.000000] PM: Registered nosave memory: [mem 0x000f0000-0x000fffff]
[    0.000000] e820: [mem 0x40000000-0xfebfffff] available for PCI devices
[    0.000000] Booting paravirtualized kernel on KVM
[    0.000000] clocksource: refined-jiffies: mask: 0xffffffff max_cycles: 0xffffffff, max_idle_ns: 7645519600211568 ns
[    0.000000] setup_percpu: NR_CPUS:512 nr_cpumask_bits:512 nr_cpu_ids:2 nr_node_ids:1
[    0.000000] PERCPU: Embedded 34 pages/cpu @ffff88003fc00000 s99544 r8192 d31528 u1048576
[    0.000000] Built 1 zonelists in Node order, mobility grouping on.  Total pages: 257912
[    0.000000] Policy zone: DMA32
[    0.000000] Kernel command line: BOOT_IMAGE=/boot/vmlinuz-4.4.0-157-generic root=LABEL=cloudimg-rootfs ro console=tty1 console=ttyS0
[    0.000000] PID hash table entries: 4096 (order: 3, 32768 bytes)
[    0.000000] Memory: 997736K/1048120K available (8618K kernel code, 1335K rwdata, 4032K rodata, 1484K init, 1284K bss, 50384K reserved, 0K cma-reserved)
[    0.000000] SLUB: HWalign=64, Order=0-3, MinObjects=0, CPUs=2, Nodes=1
[    0.000000] Kernel/User page tables isolation: enabled
[    0.000000] Hierarchical RCU implementation.
[    0.000000] 	Build-time adjustment of leaf fanout to 64.
[    0.000000] 	RCU restricting CPUs from NR_CPUS=512 to nr_cpu_ids=2.
[    0.000000] RCU: Adjusting geometry for rcu_fanout_leaf=64, nr_cpu_ids=2
[    0.000000] NR_IRQS:33024 nr_irqs:440 16
[    0.000000] Console: colour VGA+ 80x25
[    0.000000] console [tty1] enabled
[    0.000000] console [ttyS0] enabled
[    0.000000] tsc: Detected 2711.998 MHz processor
[    0.301830] Calibrating delay loop (skipped) preset value.. 5423.99 BogoMIPS (lpj=10847992)
[    0.304195] pid_max: default: 32768 minimum: 301
[    0.305532] ACPI: Core revision 20150930
[    0.309002] ACPI: 2 ACPI AML tables successfully acquired and loaded
[    0.310988] Security Framework initialized
[    0.312154] Yama: becoming mindful.
[    0.313255] AppArmor: AppArmor initialized
[    0.314598] Dentry cache hash table entries: 131072 (order: 8, 1048576 bytes)
[    0.320770] Inode-cache hash table entries: 65536 (order: 7, 524288 bytes)
[    0.322808] Mount-cache hash table entries: 2048 (order: 2, 16384 bytes)
[    0.324393] Mountpoint-cache hash table entries: 2048 (order: 2, 16384 bytes)
[    0.326741] Initializing cgroup subsys io
[    0.327918] Initializing cgroup subsys memory
[    0.329579] Initializing cgroup subsys devices
[    0.330824] Initializing cgroup subsys freezer
[    0.332118] Initializing cgroup subsys net_cls
[    0.333519] Initializing cgroup subsys perf_event
[    0.334855] Initializing cgroup subsys net_prio
[    0.336130] Initializing cgroup subsys hugetlb
[    0.337438] Initializing cgroup subsys pids
[    0.340821] mce: CPU supports 0 MCE banks
[    0.341977] Last level iTLB entries: 4KB 64, 2MB 8, 4MB 8
[    0.343488] Last level dTLB entries: 4KB 64, 2MB 0, 4MB 0, 1GB 4
[    0.345003] Spectre V2 : Mitigation: Full generic retpoline
[    0.346829] Spectre V2 : Spectre v2 / SpectreRSB mitigation: Filling RSB on context switch
[    0.349122] Speculative Store Bypass: Vulnerable
[    0.350537] MDS: Vulnerable: Clear CPU buffers attempted, no microcode
[    0.358309] Freeing SMP alternatives memory: 36K
[    0.373612] ftrace: allocating 32312 entries in 127 pages
[    0.495500] smpboot: APIC(0) Converting physical 0 to logical package 0
[    0.497724] smpboot: Max logical packages: 1
[    0.499713] x2apic enabled
[    0.501354] Switched APIC routing to physical x2apic.
[    0.505413] ..TIMER: vector=0x30 apic1=0 pin1=2 apic2=-1 pin2=-1
[    0.613179] smpboot: CPU0: Intel(R) Core(TM) i5-7200U CPU @ 2.50GHz (family: 0x6, model: 0x8e, stepping: 0x9)
[    0.616320] Performance Events: unsupported p6 CPU model 142 no PMU driver, software events only.
[    0.640836] KVM setup paravirtual spinlock
[    0.643345] x86: Booting SMP configuration:
[    0.644926] .... node  #0, CPUs:      #1
[    0.646617] kvm-clock: cpu 1, msr 0:3ffe3041, secondary cpu clock
[    0.649698] mce: CPU supports 0 MCE banks
[    0.652451] x86: Booted up 1 node, 2 CPUs
[    0.653870] smpboot: Total of 2 processors activated (10847.99 BogoMIPS)
[    0.656160] devtmpfs: initialized
[    0.660592] evm: security.selinux
[    0.662009] evm: security.SMACK64
[    0.663232] evm: security.SMACK64EXEC
[    0.664579] evm: security.SMACK64TRANSMUTE
[    0.666229] evm: security.SMACK64MMAP
[    0.667660] evm: security.ima
[    0.668840] evm: security.capability
[    0.670697] clocksource: jiffies: mask: 0xffffffff max_cycles: 0xffffffff, max_idle_ns: 7645041785100000 ns
[    0.674503] futex hash table entries: 512 (order: 3, 32768 bytes)
[    0.676359] pinctrl core: initialized pinctrl subsystem
[    0.678151] RTC time:  9:46:44, date: 08/19/19
[    0.679876] NET: Registered protocol family 16
[    0.694036] cpuidle: using governor ladder
[    0.706117] cpuidle: using governor menu
[    0.707763] PCCT header not found.
[    0.709258] ACPI: bus type PCI registered
[    0.710655] acpiphp: ACPI Hot Plug PCI Controller Driver version: 0.5
[    0.712923] PCI: Using configuration type 1 for base access
[    0.728023] ACPI: Added _OSI(Module Device)
[    0.729726] ACPI: Added _OSI(Processor Device)
[    0.732156] ACPI: Added _OSI(3.0 _SCP Extensions)
[    0.733697] ACPI: Added _OSI(Processor Aggregator Device)
[    0.737327] ACPI: Executed 1 blocks of module-level executable AML code
[    0.744601] ACPI: Interpreter enabled
[    0.746234] ACPI: (supports S0 S5)
[    0.747568] ACPI: Using IOAPIC for interrupt routing
[    0.749397] PCI: Using host bridge windows from ACPI; if necessary, use "pci=nocrs" and report a bug
[    0.759697] ACPI: PCI Root Bridge [PCI0] (domain 0000 [bus 00-ff])
[    0.761762] acpi PNP0A03:00: _OSC: OS supports [ASPM ClockPM Segments MSI]
[    0.764458] acpi PNP0A03:00: _OSC: not requesting OS control; OS requires [ExtendedConfig ASPM ClockPM MSI]
[    0.767737] acpi PNP0A03:00: fail to add MMCONFIG information, can't access extended PCI configuration space under this bridge.
[    0.771849] PCI host bridge to bus 0000:00
[    0.773324] pci_bus 0000:00: root bus resource [io  0x0000-0x0cf7 window]
[    0.775451] pci_bus 0000:00: root bus resource [io  0x0d00-0xffff window]
[    0.777551] pci_bus 0000:00: root bus resource [mem 0x000a0000-0x000bffff window]
[    0.780295] pci_bus 0000:00: root bus resource [mem 0x40000000-0xfdffffff window]
[    0.783103] pci_bus 0000:00: root bus resource [bus 00-ff]
[    0.788958] pci 0000:00:01.1: legacy IDE quirk: reg 0x10: [io  0x01f0-0x01f7]
[    0.791228] pci 0000:00:01.1: legacy IDE quirk: reg 0x14: [io  0x03f6]
[    0.793365] pci 0000:00:01.1: legacy IDE quirk: reg 0x18: [io  0x0170-0x0177]
[    0.795633] pci 0000:00:01.1: legacy IDE quirk: reg 0x1c: [io  0x0376]
[    0.827424] pci 0000:00:07.0: quirk: [io  0x4000-0x403f] claimed by PIIX4 ACPI
[    0.850944] pci 0000:00:07.0: quirk: [io  0x4100-0x410f] claimed by PIIX4 SMB
[    0.871945] ACPI: PCI Interrupt Link [LNKA] (IRQs 5 9 10 *11)
[    0.875013] ACPI: PCI Interrupt Link [LNKB] (IRQs 5 9 *10 11)
[    0.877510] ACPI: PCI Interrupt Link [LNKC] (IRQs 5 *9 10 11)
[    0.879986] ACPI: PCI Interrupt Link [LNKD] (IRQs 5 9 10 *11)
[    0.882614] ACPI: Enabled 2 GPEs in block 00 to 07
[    0.885281] vgaarb: setting as boot device: PCI:0000:00:02.0
[    0.886812] vgaarb: device added: PCI:0000:00:02.0,decodes=io+mem,owns=io+mem,locks=none
[    0.889163] vgaarb: loaded
[    0.890190] vgaarb: bridge control possible 0000:00:02.0
[    0.891805] SCSI subsystem initialized
[    0.893036] ACPI: bus type USB registered
[    0.894232] usbcore: registered new interface driver usbfs
[    0.895724] usbcore: registered new interface driver hub
[    0.897244] usbcore: registered new device driver usb
[    0.898974] PCI: Using ACPI for IRQ routing
[    0.900586] NetLabel: Initializing
[    0.901732] NetLabel:  domain hash size = 128
[    0.903006] NetLabel:  protocols = UNLABELED CIPSOv4
[    0.909259] NetLabel:  unlabeled traffic allowed by default
[    0.911528] amd_nb: Cannot enumerate AMD northbridges
[    0.913293] clocksource: Switched to clocksource kvm-clock
[    0.932335] AppArmor: AppArmor Filesystem Enabled
[    0.934244] pnp: PnP ACPI init
[    0.937156] pnp: PnP ACPI: found 3 devices
[    0.954689] clocksource: acpi_pm: mask: 0xffffff max_cycles: 0xffffff, max_idle_ns: 2085701024 ns
[    0.957869] NET: Registered protocol family 2
[    0.959738] TCP established hash table entries: 8192 (order: 4, 65536 bytes)
[    0.961956] TCP bind hash table entries: 8192 (order: 5, 131072 bytes)
[    0.963859] TCP: Hash tables configured (established 8192 bind 8192)
[    0.965850] UDP hash table entries: 512 (order: 2, 16384 bytes)
[    0.967672] UDP-Lite hash table entries: 512 (order: 2, 16384 bytes)
[    0.969660] NET: Registered protocol family 1
[    0.971253] pci 0000:00:00.0: Limiting direct PCI/PCI transfers
[    0.972851] pci 0000:00:01.0: Activating ISA DMA hang workarounds
[    0.974704] Unpacking initramfs...
[    1.476720] Freeing initrd memory: 14824K
[    1.478360] clocksource: tsc: mask: 0xffffffffffffffff max_cycles: 0x27178451938, max_idle_ns: 440795251172 ns
[    1.481362] platform rtc_cmos: registered platform RTC device (no PNP device found)
[    1.484616] Scanning for low memory corruption every 60 seconds
[    1.487747] audit: initializing netlink subsys (disabled)
[    1.490575] audit: type=2000 audit(1566208010.334:1): initialized
[    1.493747] Initialise system trusted keyring
[    1.496839] HugeTLB registered 2 MB page size, pre-allocated 0 pages
[    1.501716] zbud: loaded
[    1.503330] VFS: Disk quotas dquot_6.6.0
[    1.504677] VFS: Dquot-cache hash table entries: 512 (order 0, 4096 bytes)
[    1.506868] squashfs: version 4.0 (2009/01/31) Phillip Lougher
[    1.509624] fuse init (API version 7.23)
[    1.511290] Key type big_key registered
[    1.512591] Allocating IMA MOK and blacklist keyrings.
[    1.518363] Key type asymmetric registered
[    1.519784] Asymmetric key parser 'x509' registered
[    1.521230] Block layer SCSI generic (bsg) driver version 0.4 loaded (major 249)
[    1.524417] io scheduler noop registered
[    1.526193] io scheduler deadline registered (default)
[    1.528108] io scheduler cfq registered
[    1.529647] pci_hotplug: PCI Hot Plug PCI Core version: 0.5
[    1.531846] pciehp: PCI Express Hot Plug Controller Driver version: 0.4
[    1.534024] ACPI: AC Adapter [AC] (off-line)
[    1.535807] input: Power Button as /devices/LNXSYSTM:00/LNXPWRBN:00/input/input0
[    1.538728] ACPI: Power Button [PWRF]
[    1.540288] input: Sleep Button as /devices/LNXSYSTM:00/LNXSLPBN:00/input/input1
[    1.542976] ACPI: Sleep Button [SLPF]
[    1.545005] GHES: HEST is not enabled!
[    1.546476] ACPI: Battery Slot [BAT0] (battery present)
[    1.546646] Serial: 8250/16550 driver, 32 ports, IRQ sharing enabled
[    1.569264] 00:02: ttyS0 at I/O 0x3f8 (irq = 4, base_baud = 115200) is a 16550A
[    1.574282] Linux agpgart interface v0.103
[    1.580069] loop: module loaded
[    1.583278] scsi host0: ata_piix
[    1.585124] scsi host1: ata_piix
[    1.586523] ata1: PATA max UDMA/33 cmd 0x1f0 ctl 0x3f6 bmdma 0xd000 irq 14
[    1.588682] ata2: PATA max UDMA/33 cmd 0x170 ctl 0x376 bmdma 0xd008 irq 15
[    1.590798] libphy: Fixed MDIO Bus: probed
[    1.592078] tun: Universal TUN/TAP device driver, 1.6
[    1.593594] tun: (C) 1999-2004 Max Krasnyansky <maxk@qualcomm.com>
[    1.595891] PPP generic driver version 2.4.2
[    1.597487] ehci_hcd: USB 2.0 'Enhanced' Host Controller (EHCI) Driver
[    1.599590] ehci-pci: EHCI PCI platform driver
[    1.601028] ehci-platform: EHCI generic platform driver
[    1.602634] ohci_hcd: USB 1.1 'Open' Host Controller (OHCI) Driver
[    1.604391] ohci-pci: OHCI PCI platform driver
[    1.606046] ohci-platform: OHCI generic platform driver
[    1.607635] uhci_hcd: USB Universal Host Controller Interface driver
[    1.609577] i8042: PNP: PS/2 Controller [PNP0303:PS2K,PNP0f03:PS2M] at 0x60,0x64 irq 1,12
[    1.612638] serio: i8042 KBD port at 0x60,0x64 irq 1
[    1.614113] serio: i8042 AUX port at 0x60,0x64 irq 12
[    1.615847] mousedev: PS/2 mouse device common for all mice
[    1.618403] rtc_cmos rtc_cmos: rtc core: registered rtc_cmos as rtc0
[    1.620568] rtc_cmos rtc_cmos: alarms up to one day, 114 bytes nvram
[    1.623425] i2c /dev entries driver
[    1.625335] input: AT Translated Set 2 keyboard as /devices/platform/i8042/serio0/input/input2
[    1.628599] device-mapper: uevent: version 1.0.3
[    1.631194] device-mapper: ioctl: 4.34.0-ioctl (2015-10-28) initialised: dm-devel@redhat.com
[    1.634627] ledtrig-cpu: registered to indicate activity on CPUs
[    1.637739] NET: Registered protocol family 10
[    1.640279] NET: Registered protocol family 17
[    1.642415] Key type dns_resolver registered
[    1.645032] registered taskstats version 1
[    1.646744] Loading compiled-in X.509 certificates
[    1.649767] Loaded X.509 cert 'Build time autogenerated kernel key: 3e01e6df98386236d59670e6b2ed19a044d5324e'
[    1.653497] zswap: loaded using pool lzo/zbud
[    1.657369] Key type trusted registered
[    1.663840] Key type encrypted registered
[    1.665261] AppArmor: AppArmor sha1 policy hashing enabled
[    1.667146] ima: No TPM chip found, activating TPM-bypass!
[    1.668812] ima: Allocated hash algorithm: sha1
[    1.670641] evm: HMAC attrs: 0x1
[    1.672880]   Magic number: 15:628:778
[    1.674561] rtc_cmos rtc_cmos: setting system clock to 2019-08-19 09:46:45 UTC (1566208005)
[    1.678242] BIOS EDD facility v0.16 2004-Jun-25, 0 devices found
[    1.680177] EDD information not available.
[    1.747500] Freeing unused kernel memory: 1484K
[    1.749244] Write protecting the kernel read-only data: 14336k
[    1.755539] Freeing unused kernel memory: 1612K
[    1.760684] Freeing unused kernel memory: 64K
Loading, please wait...
starting version 229
[    1.817802] random: systemd-udevd: uninitialized urandom read (16 bytes read, 3 bits of entropy available)
[    1.820070] random: udevadm: uninitialized urandom read (16 bytes read, 3 bits of entropy available)
[    1.820150] random: udevadm: uninitialized urandom read (16 bytes read, 3 bits of entropy available)
[    1.849550] random: systemd-udevd: uninitialized urandom read (16 bytes read, 3 bits of entropy available)
[    1.860446] random: systemd-udevd: uninitialized urandom read (16 bytes read, 3 bits of entropy available)
[    1.867888] random: udevadm: uninitialized urandom read (16 bytes read, 3 bits of entropy available)
[    1.868027] random: udevadm: uninitialized urandom read (16 bytes read, 3 bits of entropy available)
[    1.868602] random: udevadm: uninitialized urandom read (16 bytes read, 3 bits of entropy available)
[    1.868811] random: udevadm: uninitialized urandom read (16 bytes read, 3 bits of entropy available)
[    1.869309] random: udevadm: uninitialized urandom read (16 bytes read, 3 bits of entropy available)
[    1.980178] e1000: Intel(R) PRO/1000 Network Driver - version 7.3.21-k8-NAPI
[    1.983707] e1000: Copyright (c) 1999-2006 Intel Corporation.
[    1.999924] Fusion MPT base driver 3.04.20
[    2.002860] Copyright (c) 1999-2008 LSI Corporation
[    2.039976] Fusion MPT SPI Host driver 3.04.20
[    2.056434] AVX2 version of gcm_enc/dec engaged.
[    2.058103] AES CTR mode by8 optimization enabled
[    2.200638] input: ImExPS/2 Generic Explorer Mouse as /devices/platform/i8042/serio1/input/input4
[    2.500779] e1000 0000:00:03.0 eth0: (PCI:33MHz:32-bit) 02:c2:66:bb:16:6d
[    2.504120] e1000 0000:00:03.0 eth0: Intel(R) PRO/1000 Network Connection
[    2.509195] mptbase: ioc0: Initiating bringup
[    2.574888] ioc0: LSI53C1030 A0: Capabilities={Initiator}
[    2.743876] scsi host2: ioc0: LSI53C1030 A0, FwRev=00000000h, Ports=1, MaxQ=256, IRQ=20
[    2.858135] scsi 2:0:0:0: Direct-Access     VBOX     HARDDISK         1.0  PQ: 0 ANSI: 5
[    2.862939] scsi target2:0:0: Beginning Domain Validation
[    2.874903] scsi target2:0:0: Domain Validation skipping write tests
[    2.880420] scsi target2:0:0: Ending Domain Validation
[    2.885526] scsi target2:0:0: asynchronous
[    2.897994] scsi 2:0:1:0: Direct-Access     VBOX     HARDDISK         1.0  PQ: 0 ANSI: 5
[    2.907949] scsi target2:0:1: Beginning Domain Validation
[    2.920564] scsi target2:0:1: Domain Validation skipping write tests
[    2.926142] scsi target2:0:1: Ending Domain Validation
[    2.932496] scsi target2:0:1: asynchronous
[    2.955423] sd 2:0:0:0: Attached scsi generic sg0 type 0
[    2.958414] sd 2:0:0:0: [sda] 20971520 512-byte logical blocks: (10.7 GB/10.0 GiB)
[    2.990242] sd 2:0:1:0: [sdb] 20480 512-byte logical blocks: (10.5 MB/10.0 MiB)
[    2.994763] sd 2:0:1:0: Attached scsi generic sg1 type 0
[    2.997718] sd 2:0:1:0: [sdb] Write Protect is off
[    2.999839] sd 2:0:1:0: [sdb] Incomplete mode parameter data
[    3.002014] sd 2:0:1:0: [sdb] Assuming drive cache: write through
[    3.004983] sd 2:0:0:0: [sda] Write Protect is off
[    3.007759] sd 2:0:0:0: [sda] Incomplete mode parameter data
[    3.009891] sd 2:0:0:0: [sda] Assuming drive cache: write through
[    3.016080]  sda: sda1
[    3.017953] sd 2:0:1:0: [sdb] Attached SCSI disk
[    3.020874] sd 2:0:0:0: [sda] Attached SCSI disk
[    3.361225] e1000 0000:00:08.0 eth1: (PCI:33MHz:32-bit) 08:00:27:48:26:25
[    3.363672] e1000 0000:00:08.0 eth1: Intel(R) PRO/1000 Network Connection
[    3.368494] e1000 0000:00:08.0 enp0s8: renamed from eth1
[    3.383408] e1000 0000:00:03.0 enp0s3: renamed from eth0
Begin: Loading essential drivers ... [    5.220206] md: linear personality registered for level -1
[    5.226236] md: multipath personality registered for level -4
[    5.232302] md: raid0 personality registered for level 0
[    5.240784] md: raid1 personality registered for level 1
[    5.313504] raid6: sse2x1   gen()  5060 MB/s
[    5.381378] raid6: sse2x1   xor()  3444 MB/s
[    5.449939] raid6: sse2x2   gen()  5718 MB/s
[    5.517350] raid6: sse2x2   xor()  5486 MB/s
[    5.585432] raid6: sse2x4   gen()  8508 MB/s
[    5.653658] raid6: sse2x4   xor()  5852 MB/s
[    5.721394] raid6: avx2x1   gen() 14026 MB/s
[    5.789437] raid6: avx2x2   gen() 14395 MB/s
[    5.857696] raid6: avx2x4   gen() 14656 MB/s
[    5.859265] raid6: using algorithm avx2x4 gen() 14656 MB/s
[    5.861141] raid6: using avx2x2 recovery algorithm
[    5.865557] xor: automatically using best checksumming function:
[    5.905931]    avx       : 13371.000 MB/sec
[    5.910071] async_tx: api initialized (async)
[    5.932781] md: raid6 personality registered for level 6
[    5.934785] md: raid5 personality registered for level 5
[    5.936832] md: raid4 personality registered for level 4
[    5.948653] md: raid10 personality registered for level 10
done.
Begin: Running /scripts/init-premount ... done.
Begin: Mounting root file system ... Begin: Running /scripts/local-top ... done.
Begin: Running /scripts/local-premount ... [    6.002342] Btrfs loaded
Scanning for Btrfs filesystems
done.
Warning: fsck not present, so skipping root file system
[    6.089022] EXT4-fs (sda1): mounted filesystem with ordered data mode. Opts: (null)
done.
Begin: Running /scripts/local-bottom ... done.
Begin: Running /scripts/init-bottom ... done.
[    6.342432] systemd[1]: systemd 229 running in system mode. (+PAM +AUDIT +SELINUX +IMA +APPARMOR +SMACK +SYSVINIT +UTMP +LIBCRYPTSETUP +GCRYPT +GNUTLS +ACL +XZ -LZ4 +SECCOMP +BLKID +ELFUTILS +KMOD -IDN)
[    6.352689] systemd[1]: Detected virtualization oracle.
[    6.355921] systemd[1]: Detected architecture x86-64.

Welcome to [1mUbuntu 16.04.6 LTS[0m!

[    6.364857] systemd[1]: Set hostname to <ubuntu>.
[    6.371727] systemd[1]: Initializing machine ID from random generator.
[    6.374102] systemd[1]: Installed transient /etc/machine-id file.
[    6.636710] systemd[1]: Created slice System Slice.
[[0;32m  OK  [0m] Created slice System Slice.
[    6.648833] systemd[1]: Created slice system-serial\x2dgetty.slice.
[[0;32m  OK  [0m] Created slice system-serial\x2dgetty.slice.
[    6.662810] systemd[1]: Reached target System Time Synchronized.
[[0;32m  OK  [0m] Reached target System Time Synchronized.
[    6.678460] systemd[1]: Started Forward Password Requests to Wall Directory Watch.
[[0;32m  OK  [0m] Started Forward Password Requests to Wall Directory Watch.
[    6.688635] systemd[1]: Listening on Device-mapper event daemon FIFOs.
[[0;32m  OK  [0m] Listening on Device-mapper event daemon FIFOs.
[    6.696094] systemd[1]: Listening on /dev/initctl Compatibility Named Pipe.
[[0;32m  OK  [0m] Listening on /dev/initctl Compatibility Named Pipe.
[    6.703078] systemd[1]: Set up automount Arbitrary Executable File Formats File System Automount Point.
[[0;32m  OK  [0m] Set up automount Arbitrary Executab...ats File System Automount Point.
[    6.710608] systemd[1]: Reached target Encrypted Volumes.
[[0;32m  OK  [0m] Reached target Encrypted Volumes.
[    6.714690] systemd[1]: Started Trigger resolvconf update for networkd DNS.
[[0;32m  OK  [0m] Started Trigger resolvconf update for networkd DNS.
[    6.719586] systemd[1]: Listening on Syslog Socket.
[[0;32m  OK  [0m] Listening on Syslog Socket.
[    6.723314] systemd[1]: Listening on udev Kernel Socket.
[[0;32m  OK  [0m] Listening on udev Kernel Socket.
[    6.727996] systemd[1]: Listening on LVM2 poll daemon socket.
[[0;32m  OK  [0m] Listening on LVM2 poll daemon socket.
[    6.732456] systemd[1]: Created slice User and Session Slice.
[[0;32m  OK  [0m] Created slice User and Session Slice.
[    6.741554] systemd[1]: Reached target Slices.
[[0;32m  OK  [0m] Reached target Slices.
[    6.744550] systemd[1]: Reached target Swap.
[[0;32m  OK  [0m] Reached target Swap.
[    6.747420] systemd[1]: Listening on Journal Audit Socket.
[[0;32m  OK  [0m] Listening on Journal Audit Socket.
[    6.758241] systemd[1]: Listening on LVM2 metadata daemon socket.
[[0;32m  OK  [0m] Listening on LVM2 metadata daemon socket.
[    6.762085] systemd[1]: Listening on Journal Socket.
[[0;32m  OK  [0m] Listening on Journal Socket.
[    6.785779] systemd[1]: Starting Load Kernel Modules...
         Starting Load Kernel Modules...
[    6.791345] systemd[1]: Starting Remount Root and Kernel File Systems...
         Starting Remount Root and Kernel File Systems...
[    6.796165] systemd[1]: Mounting POSIX Message Queue File System...
         Mounting POSIX Message Queue File System...
[    6.801099] Loading iSCSI transport class v2.0-870.
[    6.802871] EXT4-fs (sda1): re-mounted. Opts: (null)
[    6.803586] systemd[1]: Mounting Huge Pages File System...
         Mounting Huge Pages File System...
[    6.809412] systemd[1]: Starting Uncomplicated firewall...
         Starting Uncomplicated firewall...
[    6.812956] systemd[1]: Starting Create list of required static device nodes for the current kernel...
         Starting Create list of required st... nodes for the current kernel...
[    6.818986] systemd[1]: Listening on Journal Socket (/dev/log).
[[0;32m  OK  [0m] Listening on Journal Socket (/dev/log).
[    6.823253] systemd[1]: Starting Journal Service...
         Starting Journal Service...
[    6.826196] systemd[1]: Listening on udev Control Socket.
[[0;32m  OK  [0m] Listening on udev Control Socket.
[    6.829690] systemd[1]: Mounting Debug File System...
[    6.829983] iscsi: registered transport (tcp)
         Mounting Debug File System...
[    6.840696] systemd[1]: Starting Set console keymap...
         Starting Set console keymap...
[    6.844818] systemd[1]: Reached target User and Group Name Lookups.
[[0;32m  OK  [0m] Reached target User and Group Name Lookups.
[    6.850478] systemd[1]: Starting Nameserver information manager...
         Starting Nameserver information manager...
[    6.862926] systemd[1]: Starting Monitoring of LVM2 mirrors, snapshots etc. using dmeventd or progress polling...
         Starting Monitoring of LVM2 mirrors... dmeventd or progress polling...
[    6.881657] systemd[1]: Mounted Huge Pages File System.
[[0;32m  OK  [0m] Mounted Huge Pages File System.
[    6.885028] systemd[1]: Mounted Debug File System.
[[0;32m  OK  [0m] Mounted Debug File System.
[    6.888599] systemd[1]: Mounted POSIX Message Queue File System.
[[0;32m  OK  [0m] Mounted POSIX Message Queue File System.
[    6.898781] systemd[1]: Started Remount Root and Kernel File Systems.
[[0;32m  OK  [0m] Started Remount Root and Kernel File Systems.
[    6.906778] systemd[1]: Started Uncomplicated firewall.
[[0;32m  OK  [0m] Started Uncomplicated firewall.
[    6.919914] systemd[1]: Started Create list of required static device nodes for the current kernel.
[[0;32m  OK  [0m] Started Create list of required sta...ce nodes for the current kernel.
[    6.944828] systemd[1]: Started Journal Service.
[[0;32m  OK  [0m] Started Journal Service.
[    6.954469] iscsi: registered transport (iser)
[[0;32m  OK  [0m] Started Nameserver information manager.
[[0;32m  OK  [0m] Started Load Kernel Modules.
[[0;32m  OK  [0m] Started LVM2 metadata daemon.
[    7.063294] random: nonblocking pool is initialized
         Starting Apply Kernel Variables...
         Mounting FUSE Control File System...
         Starting Create Static Device Nodes in /dev...
         Starting Load/Save Random Seed...
         Starting udev Coldplug all Devices...
         Starting Flush Journal to Persistent Storage...
[[0;32m  OK  [0m] Mounted FUSE Control File System.
[[0;32m  OK  [0m] Started Set console keymap.
[[0;32m  OK  [0m] Started Load/Save Random Seed.
[[0;32m  OK  [0m] Started Apply Kernel Variables.
[[0;32m  OK  [0m] Started Create Static Device Nodes in /dev.
[[0;32m  OK  [0m] Started udev Coldplug all Devices.
[[0;32m  OK  [0m] Started Flush Journal to Persistent Storage.
         Starting udev Kernel Device Manager...
[[0;32m  OK  [0m] Started udev Kernel Device Manager.
[[0;32m  OK  [0m] Started Dispatch Password Requests to Console Directory Watch.
[[0;32m  OK  [0m] Started Monitoring of LVM2 mirrors,...ng dmeventd or progress polling.
[[0;32m  OK  [0m] Reached target Local File Systems (Pre).
[[0;32m  OK  [0m] Reached target Local File Systems.
         Starting Create Volatile Files and Directories...
         Starting LSB: AppArmor initialization...
         Starting Initial cloud-init job (pre-networking)...
         Starting Commit a transient machine-id on disk...
         Starting Set console font and keymap...
         Starting Tell Plymouth To Write Out Runtime Data...
[[0;32m  OK  [0m] Started Create Volatile Files and Directories.
[[0;32m  OK  [0m] Started Tell Plymouth To Write Out Runtime Data.
[[0;32m  OK  [0m] Started Commit a transient machine-id on disk.
         Starting Update UTMP about System Boot/Shutdown...
[[0;32m  OK  [0m] Started Update UTMP about System Boot/Shutdown.
[[0;32m  OK  [0m] Found device /dev/ttyS0.
[[0;32m  OK  [0m] Listening on Load/Save RF Kill Switch Status /dev/rfkill Watch.
[    9.624399] [[0;32m  OK  [0m] Started Initial cloud-init job (pre-networking).
cloud-init[482]: Cloud-init v. 19.1-1-gbaa47854-0ubuntu1~16.04.1 running 'init-local' at Mon, 19 Aug 2019 09:46:53 +0000. Up 8.83 seconds.
[[0;32m  OK  [0m] Reached target Network (Pre).
[[0;32m  OK  [0m] Started Set console font and keymap.
[[0;32m  OK  [0m] Created slice system-getty.slice.
[[0;32m  OK  [0m] Started LSB: AppArmor initialization.
         Starting Raise network interfaces...
[[0;32m  OK  [0m] Started Raise network interfaces.
[[0;32m  OK  [0m] Reached target Network.
         Starting Initial cloud-init job (metadata service crawler)...
[   13.435011] cloud-init[962]: Cloud-init v. 19.1-1-gbaa47854-0ubuntu1~16.04.1 running 'init' at Mon, 19 Aug 2019 09:46:56 +0000. Up 12.27 seconds.
[   13.437499] cloud-init[962]: ci-info: ++++++++++++++++++++++++++++++++++++++Net device info+++++++++++++++++++++++++++++++++++++++
[   13.439900] cloud-init[962]: ci-info: +--------+-------+----------------------------+---------------+--------+-------------------+
[   13.442059] cloud-init[962]: ci-info: | Device |   Up  |          Address           |      Mask     | Scope  |     Hw-Address    |
[   13.444590] cloud-init[962]: ci-info: +--------+-------+----------------------------+---------------+--------+-------------------+
[   13.447764] cloud-init[962]: ci-info: | enp0s3 |  True |         10.0.2.15          | 255.255.255.0 | global | 02:c2:66:bb:16:6d |
[   13.456545] cloud-init[962]: ci-info: | enp0s3 |  True | fe80::c2:66ff:febb:166d/64 |       .       |  link  | 02:c2:66:bb:16:6d |
[   13.460105] cloud-init[962]: ci-info: | enp0s8 | False |             .              |       .       |   .    | 08:00:27:48:26:25 |
[   13.480911] cloud-init[962]: ci-info: |   lo   |  True |         127.0.0.1          |   255.0.0.0   |  host  |         .         |
[   13.483657] cloud-init[962]: ci-info: |   lo   |  True |          ::1/128           |       .       |  host  |         .         |
[   13.486820] cloud-init[962]: ci-info: +--------+-------+----------------------------+---------------+--------+-------------------+
[   13.490066] cloud-init[962]: ci-info: +++++++++++++++++++++++++++Route IPv4 info++++++++++++++++++++++++++++
[   13.494071] cloud-init[962]: ci-info: +-------+-------------+----------+---------------+-----------+-------+
[   13.496583] cloud-init[962]: ci-info: | Route | Destination | Gateway  |    Genmask    | Interface | Flags |
[   13.499022] cloud-init[962]: ci-info: +-------+-------------+----------+---------------+-----------+-------+
[   13.501572] cloud-init[962]: ci-info: |   0   |   0.0.0.0   | 10.0.2.2 |    0.0.0.0    |   enp0s3  |   UG  |
[   13.504383] cloud-init[962]: ci-info: |   1   |   10.0.2.0  | 0.0.0.0  | 255.255.255.0 |   enp0s3  |   U   |
[   13.507526] cloud-init[962]: ci-info: +-------+-------------+----------+---------------+-----------+-------+
[   13.510340] cloud-init[962]: ci-info: +++++++++++++++++++Route IPv6 info+++++++++++++++++++
[   13.512806] cloud-init[962]: ci-info: +-------+-------------+---------+-----------+-------+
[   13.515444] cloud-init[962]: ci-info: | Route | Destination | Gateway | Interface | Flags |
[   13.517888] cloud-init[962]: ci-info: +-------+-------------+---------+-----------+-------+
[   13.520228] cloud-init[962]: ci-info: |   0   |  fe80::/64  |    ::   |   enp0s3  |   U   |
[   13.522510] cloud-init[962]: ci-info: |   3   |   ff00::/8  |    ::   |   enp0s3  |   U   |
[   13.525642] cloud-init[962]: ci-info: +-------+-------------+---------+-----------+-------+
[   13.532638] cloud-init[962]: Generating public/private rsa key pair.
[[0;32m  OK  [0m] Started Initial cloud-init job (metadata service crawler).
[   13.540611] cloud-init[962]: Your identification has been saved in /etc/ssh/ssh_host_rsa_key.
[   13.543169] cloud-init[962]: Your public key has been saved in /etc/ssh/ssh_host_rsa_key.pub.
[   13.543365] cloud-init[962]: The key fingerprint is:
[   13.543873] cloud-init[962]: SHA256:wGeGrS+jgvPDmqc2kMELozqfFWPE/n74YHy9IpXzVDc root@ubuntu-xenial
[   13.544957] cloud-init[962]: The key's randomart image is:
[   13.545374] cloud-init[962]: +---[RSA 2048]----+
[   13.546104] cloud-init[962]: |                 |
[   13.546470] cloud-init[962]: |   . . o         |
[   13.547337] cloud-init[962]: |.   o + =        |
[   13.547999] cloud-init[962]: |+. o   *    . E  |
[   13.548836] cloud-init[962]: |o+. = . S. . . . |
[   13.549525] cloud-init[962]: |+. . = .+..      |
[   13.550940] cloud-init[962]: |oo  . Boo+.      |
[   13.551532] cloud-init[962]: |=+=o +o=o ..     |
[   13.553065] cloud-init[962]: |=O=o. .+...      |
[   13.554214] cloud-init[962]: +----[SHA256]-----+
[   13.554460] cloud-init[962]: Generating public/private dsa key pair.
[   13.555382] cloud-init[962]: Your identification has been saved in /etc/ssh/ssh_host_dsa_key.
[   13.556034] cloud-init[962]: Your public key has been saved in /etc/ssh/ssh_host_dsa_key.pub.
[   13.556450] cloud-init[962]: The key fingerprint is:
[   13.557569] cloud-init[962]: SHA256:M/T3d6qNBZZUORyui0Nj3X32IBUOI0USbySNdKMJPyY root@ubuntu-xenial
[   13.558219] cloud-init[962]: The key's randomart image is:
[   13.558887] cloud-init[962]: +---[DSA 1024]----+
[   13.559989] cloud-init[962]: |        ..**O.+o |
[   13.561216] cloud-init[962]: |         o.X.B+. |
[   13.561834] cloud-init[962]: |        E * + +. |
[   13.562934] cloud-init[962]: |       . + = = . |
[   13.563488] cloud-init[962]: |        S = O o +|
[   13.564728] cloud-init[962]: |         = = = oo|
[   13.565323] cloud-init[962]: |          o . o +|
[   13.565838] cloud-init[962]: |           . + o.|
[   13.566515] cloud-init[962]: |            o.o  |
[   13.567191] cloud-init[962]: +----[SHA256]-----+
[   13.567725] cloud-init[962]: Generating public/private ecdsa key pair.
[[0;32m  OK  [0m] Reached target System Initialization.
[[0;32m  OK  [0m] Listening on D-Bus System Message Bus Socket.
[   13.567774] cloud-init[962]: Your identification has been saved in /etc/ssh/ssh_host_ecdsa_key.
[   13.585673] cloud-init[962]: Your public key has been saved in /etc/ssh/ssh_host_ecdsa_key.pub.
[   13.587748] cloud-init[962]: The key fingerprint is:
[   13.596288] cloud-init[962]: SHA256:QDNSWxyj/N0WO/w+XZopkoxPEf96BbOPHBz6IaJhTxc root@ubuntu-xenial
[   13.596367] cloud-init[962]: The key's randomart image is:
[   13.597026] cloud-init[962]: +---[ECDSA 256]---+
[   13.597586] cloud-init[962]: |    ..=.+.       |
[   13.598215] cloud-init[962]: |     + *..       |
[   13.598835] cloud-init[962]: |      =   . .    |
[   13.599774] cloud-init[962]: |       o . =Eo+  |
[   13.600795] cloud-init[962]: |        S o B+ = |
[   13.601588] cloud-init[962]: |        o oo++= o|
[   13.602398] cloud-init[962]: |       . B.+ +o@.|
[   13.603228] cloud-init[962]: |        o.= .oX o|
[[0;32m  OK  [0m] Started ACPI Events Check.
[   13.603966] cloud-init[962]: |         ....o.. |
[   13.606776] cloud-init[962]: +----[SHA256]-----+
[   13.607119] cloud-init[962]: Generating public/private ed25519 key pair.
[   13.607481] cloud-init[962]: Your identification has been saved in /etc/ssh/ssh_host_ed25519_key.
[   13.608148] cloud-init[962]: Your public key has been saved in /etc/ssh/ssh_host_ed25519_key.pub.
[   13.608686] cloud-init[962]: The key fingerprint is:
[   13.609197] cloud-init[962]: SHA256:j71lmOCoFSb7VaARNBfLwF0fXd2DiuSldaho3RGiBco root@ubuntu-xenial
[   13.609566] cloud-init[962]: The key's randomart image is:
[   13.610127] cloud-init[962]: +--[ED25519 256]--+
[   13.610506] cloud-init[962]: |     o=o+=..+...+|
[   13.611091] cloud-init[962]: |    . o*+o.* +..o|
[   13.611477] cloud-init[962]: |     E..O B =   .|
[[0;32m  OK  [0m] Reached target Paths.
[   13.611715] cloud-init[962]: |       = B o     |
[   13.622739] cloud-init[962]: |    . = S .      |
[   13.623176] cloud-init[962]: |     + + * o     |
[   13.623884] cloud-init[962]: |    . o + = o    |
[   13.624818] cloud-init[962]: |     + .   +     |
[   13.625522] cloud-init[962]: |    . .   .      |
[   13.626269] cloud-init[962]: +----[SHA256]-----+
         Starting LXD - unix socket.
         Starting Socket activation for snappy daemon.
[[0;32m  OK  [0m] Listening on ACPID Listen Socket.
[[0;32m  OK  [0m] Started Daily apt download activities.
[[0;32m  OK  [0m] Started Daily apt upgrade and clean activities.
[[0;32m  OK  [0m] Started Daily Cleanup of Temporary Directories.
[[0;32m  OK  [0m] Reached target Timers.
[[0;32m  OK  [0m] Listening on UUID daemon activation socket.
[[0;32m  OK  [0m] Reached target Cloud-config availability.
[[0;32m  OK  [0m] Reached target Network is Online.
         Starting iSCSI initiator daemon (iscsid)...
[[0;32m  OK  [0m] Listening on LXD - unix socket.
[[0;32m  OK  [0m] Listening on Socket activation for snappy daemon.
[[0;32m  OK  [0m] Started iSCSI initiator daemon (iscsid).
         Starting Login to default iSCSI targets...
[[0;32m  OK  [0m] Reached target Sockets.
[[0;32m  OK  [0m] Reached target Basic System.
         Starting System Logging Service...
[[0;32m  OK  [0m] Started Regular background program processing daemon.
         Starting Accounts Service...
[[0;32m  OK  [0m] Started D-Bus System Message Bus.
         Starting Login Service...
         Starting Pollinate to seed the pseudo random number generator...
         Starting LSB: Record successful boot for GRUB...
[[0;32m  OK  [0m] Started ACPI event daemon.
         Starting Virtualbox guest utils...
         Starting /etc/rc.local Compatibility...
[[0;32m  OK  [0m] Started FUSE filesystem for LXC.
         Starting LSB: MD monitoring daemon...
         Starting Snappy daemon...
[[0;32m  OK  [0m] Started Deferred execution scheduler.
         Starting LXD - container startup/shutdown...
[[0;32m  OK  [0m] Started System Logging Service.
[[0;32m  OK  [0m] Started /etc/rc.local Compatibility.
[[0;32m  OK  [0m] Started Login to default iSCSI targets.
         Starting Authenticate and Authorize Users to Run Privileged Tasks...
[[0;32m  OK  [0m] Reached target Remote File Systems (Pre).
[[0;32m  OK  [0m] Reached target Remote File Systems.
         Starting LSB: automatic crash report generation...
         Starting LSB: Set the CPU Frequency Scaling governor to "ondemand"...
         Starting Permit User Sessions...
         Starting LSB: daemon to balance interrupts for SMP systems...
[[0;32m  OK  [0m] Started LSB: Record successful boot for GRUB.
[[0;32m  OK  [0m] Started LSB: MD monitoring daemon.
[[0;32m  OK  [0m] Started Permit User Sessions.
[[0;32m  OK  [0m] Started Login Service.
[[0;32m  OK  [0m] Started Authenticate and Authorize Users to Run Privileged Tasks.
[[0;32m  OK  [0m] Started LXD - container startup/shutdown.
[[0;32m  OK  [0m] Started Accounts Service.
[[0;32m  OK  [0m] Started LSB: automatic crash report generation.
[[0;32m  OK  [0m] Started LSB: Set the CPU Frequency Scaling governor to "ondemand".
[[0;32m  OK  [0m] Started Unattended Upgrades Shutdown.
         Starting Terminate Plymouth Boot Screen...
         Starting Hold until boot process finishes up...
[[0;32m  OK  [0m] Started Virtualbox guest utils.
[[0;32m  OK  [0m] Started LSB: daemon to balance interrupts for SMP systems.
[[0;32m  OK  [0m] Started Terminate Plymouth Boot Screen.
[[0;32m  OK  [0m] Started Hold until boot process finishes up.
[[0;32m  OK  [0m] Started Serial Getty on ttyS0.
[[0;32m  OK  [0m] Started Getty on tty1.
[[0;32m  OK  [0m] Reached target Login Prompts.
         Starting Set console scheme...
[[0;32m  OK  [0m] Started Set console scheme.
[[0;32m  OK  [0m] Started Snappy daemon.
         Starting Wait until snapd is fully seeded...
[[0;32m  OK  [0m] Started Pollinate to seed the pseudo random number generator.
         Starting OpenBSD Secure Shell server...
[[0;32m  OK  [0m] Started OpenBSD Secure Shell server.
[[0;32m  OK  [0m] Created slice User Slice of vagrant.
         Starting User Manager for UID 1000...
[[0;32m  OK  [0m] Started Session 1 of user vagrant.
[[0;32m  OK  [0m] Started User Manager for UID 1000.
[[0;32m  OK  [0m] Started Wait until snapd is fully seeded.
         Starting Apply the settings specified in cloud-config...
[[0;32m  OK  [0m] Reached target Multi-User System.
[[0;32m  OK  [0m] Reached target Graphical Interface.
         Starting Update UTMP about System Runlevel Changes...
[[0;32m  OK  [0m] Started Update UTMP about System Runlevel Changes.
[   16.745725] cloud-init[1381]: Generating locales (this might take a while)...
[   18.492203] cloud-init[1381]:   en_US.UTF-8... done
[   18.494126] cloud-init[1381]: Generation complete.
[   19.043606] cloud-init[1381]: Cloud-init v. 19.1-1-gbaa47854-0ubuntu1~16.04.1 running 'modules:config' at Mon, 19 Aug 2019 09:47:00 +0000. Up 16.43 seconds.
[[0;32m  OK  [0m] Started Apply the settings specified in cloud-config.
         Starting Execute cloud user/final scripts...
ci-info: no authorized ssh keys fingerprints found for user ubuntu.
<14>Aug 19 09:47:04 ec2: 
<14>Aug 19 09:47:04 ec2: #############################################################
<14>Aug 19 09:47:04 ec2: -----BEGIN SSH HOST KEY FINGERPRINTS-----
<14>Aug 19 09:47:04 ec2: 1024 SHA256:M/T3d6qNBZZUORyui0Nj3X32IBUOI0USbySNdKMJPyY root@ubuntu-xenial (DSA)
<14>Aug 19 09:47:04 ec2: 256 SHA256:QDNSWxyj/N0WO/w+XZopkoxPEf96BbOPHBz6IaJhTxc root@ubuntu-xenial (ECDSA)
<14>Aug 19 09:47:04 ec2: 256 SHA256:j71lmOCoFSb7VaARNBfLwF0fXd2DiuSldaho3RGiBco root@ubuntu-xenial (ED25519)
<14>Aug 19 09:47:04 ec2: 2048 SHA256:wGeGrS+jgvPDmqc2kMELozqfFWPE/n74YHy9IpXzVDc root@ubuntu-xenial (RSA)
<14>Aug 19 09:47:04 ec2: -----END SSH HOST KEY FINGERPRINTS-----
<14>Aug 19 09:47:04 ec2: #############################################################
-----BEGIN SSH HOST KEY KEYS-----
ecdsa-sha2-nistp256 AAAAE2VjZHNhLXNoYTItbmlzdHAyNTYAAAAIbmlzdHAyNTYAAABBBOGhYMnGobkIhwjTXkcBoDY38HbWR3u8NRSNRWyCI3UKF0IrSSvMd6/7Kl1GB07+2ZGXV9QzkRYROJpvflLYd4A= root@ubuntu-xenial
ssh-ed25519 AAAAC3NzaC1lZDI1NTE5AAAAIMhwcJlCV6lMe24lsuYnovfmrYuY9zjoRPHeb3yqXibQ root@ubuntu-xenial
ssh-rsa AAAAB3NzaC1yc2EAAAADAQABAAABAQDcBLYruYL+blXiDP2LFpWJcxEGaA1Xpu9GnP8DJup71ycqjrMoZzT1qVfGeixNvqEYqMWzhURByutdk+5DH8cL1QMxex8zOTwjFYNI9ZZ/+Bb6oWD7E5sjq8dATSF5H7GY2frzpSYK8oApiH65n9wzjFT8s5E3t3SCqB1l8CvNdACC38AUcvN7gxk0aoDOA7JNKxx4bNvIVEzmqB3frawL4fZTR+iB8xApLaXgLOLHBrEDwhnWU5NQBAOT04qmgtU2d8GPDe0HVISiRfMFbt8hI3XzZAFuwsa9nm+X06tZiq0SXHMIopgyXjFDRLc9LfGUhWf5amEhKVtDXoOcNDwZ root@ubuntu-xenial
-----END SSH HOST KEY KEYS-----
[   20.125932] cloud-init[1551]: Cloud-init v. 19.1-1-gbaa47854-0ubuntu1~16.04.1 running 'modules:final' at Mon, 19 Aug 2019 09:47:04 +0000. Up 19.81 seconds.
[   20.126214] cloud-init[1551]: ci-info: no authorized ssh keys fingerprints found for user ubuntu.
[   20.127034] cloud-init[1551]: Cloud-init v. 19.1-1-gbaa47854-0ubuntu1~16.04.1 finished at Mon, 19 Aug 2019 09:47:04 +0000. Datasource DataSourceNoCloud [seed=/dev/sdb][dsmode=net].  Up 20.11 seconds

Ubuntu 16.04.6 LTS ubuntu-xenial ttyS0

ubuntu-xenial login: 